Determining if the pthread_create exist failed with the following output:
Change Dir: /mnt/c/Users/User/OneDrive - studenti.unige.it/Secondo Anno/Calcolatori Elettronici/!VM_Shared/Progetto/cmake-build-debug/CMakeFiles/CMakeTmp

Run Build Command:"/usr/bin/make" "cmTC_abe1f/fast"
/usr/bin/make -f CMakeFiles/cmTC_abe1f.dir/build.make CMakeFiles/cmTC_abe1f.dir/build
make[1]: Entering directory '/mnt/c/Users/User/OneDrive - studenti.unige.it/Secondo Anno/Calcolatori Elettronici/!VM_Shared/Progetto/cmake-build-debug/CMakeFiles/CMakeTmp'
Building C object CMakeFiles/cmTC_abe1f.dir/CheckSymbolExists.c.o
/usr/bin/cc   -std=gnu11 -o CMakeFiles/cmTC_abe1f.dir/CheckSymbolExists.c.o   -c "/mnt/c/Users/User/OneDrive - studenti.unige.it/Secondo Anno/Calcolatori Elettronici/!VM_Shared/Progetto/cmake-build-debug/CMakeFiles/CMakeTmp/CheckSymbolExists.c"
Linking C executable cmTC_abe1f
/usr/bin/cmake -E cmake_link_script CMakeFiles/cmTC_abe1f.dir/link.txt --verbose=1
/usr/bin/cc      CMakeFiles/cmTC_abe1f.dir/CheckSymbolExists.c.o  -o cmTC_abe1f 
CMakeFiles/cmTC_abe1f.dir/CheckSymbolExists.c.o: In function `main':
CheckSymbolExists.c:(.text+0x1b): undefined reference to `pthread_create'
collect2: error: ld returned 1 exit status
CMakeFiles/cmTC_abe1f.dir/build.make:97: recipe for target 'cmTC_abe1f' failed
make[1]: *** [cmTC_abe1f] Error 1
make[1]: Leaving directory '/mnt/c/Users/User/OneDrive - studenti.unige.it/Secondo Anno/Calcolatori Elettronici/!VM_Shared/Progetto/cmake-build-debug/CMakeFiles/CMakeTmp'
Makefile:126: recipe for target 'cmTC_abe1f/fast' failed
make: *** [cmTC_abe1f/fast] Error 2

File /mnt/c/Users/User/OneDrive - studenti.unige.it/Secondo Anno/Calcolatori Elettronici/!VM_Shared/Progetto/cmake-build-debug/CMakeFiles/CMakeTmp/CheckSymbolExists.c:
/* */
#include <pthread.h>

int main(int argc, char** argv)
{
  (void)argv;
#ifndef pthread_create
  return ((int*)(&pthread_create))[argc];
#else
  (void)argc;
  return 0;
#endif
}

